Removed Pin From Net: NetName=GND Pin=7404-7
Removed Pin From Net: NetName=VCC Pin=7404-14
Removed Pin From Net: NetName=GND Pin=AB-2
Removed Pin From Net: NetName=Net7447A_9 Pin=DS1-1
Removed Pin From Net: NetName=Net7447A_10 Pin=DS1-2
Removed Pin From Net: NetName=Net7447A_11 Pin=DS1-4
Removed Pin From Net: NetName=GND Pin=DS1-5
Removed Pin From Net: NetName=Net7447A_12 Pin=DS1-6
Removed Pin From Net: NetName=Net7447A_13 Pin=DS1-7
Removed Pin From Net: NetName=Net7447A_15 Pin=DS1-9
Removed Pin From Net: NetName=Net7447A_14 Pin=DS1-10
Removed Pin From Net: NetName=Net7447B_9 Pin=DS2-1
Removed Pin From Net: NetName=Net7447B_10 Pin=DS2-2
Removed Pin From Net: NetName=Net7447B_11 Pin=DS2-4
Removed Pin From Net: NetName=GND Pin=DS2-5
Removed Pin From Net: NetName=Net7447B_12 Pin=DS2-6
Removed Pin From Net: NetName=Net7447B_13 Pin=DS2-7
Removed Pin From Net: NetName=Net7447B_15 Pin=DS2-9
Removed Pin From Net: NetName=Net7447B_14 Pin=DS2-10
Removed Pin From Net: NetName=Net7447A_2 Pin=IC6-1
Removed Pin From Net: NetName=Net7447A_6 Pin=IC6-2
Removed Pin From Net: NetName=Net7447A_7 Pin=IC6-4
Removed Pin From Net: NetName=Net7447A_1 Pin=IC6-5
Removed Pin From Net: NetName=GND Pin=IC6-7
Removed Pin From Net: NetName=Net7447B_7 Pin=IC6-9
Removed Pin From Net: NetName=Net7447B_1 Pin=IC6-10
Removed Pin From Net: NetName=Net7447B_2 Pin=IC6-12
Removed Pin From Net: NetName=Net7447B_6 Pin=IC6-13
Removed Pin From Net: NetName=VCC Pin=IC6-14
Removed Pin From Net: NetName=GND Pin=IC7-7
Removed Pin From Net: NetName=VCC Pin=IC7-14
Removed Pin From Net: NetName=GND Pin=IC10-7
Removed Pin From Net: NetName=VCC Pin=IC10-14
Removed Pin From Net: NetName=GND Pin=IC11-7
Removed Pin From Net: NetName=VCC Pin=IC11-14
Removed Pin From Net: NetName=GND Pin=LED4-2
Removed Pin From Net: NetName=NetD4_1 Pin=LM358-3
Removed Pin From Net: NetName=GND Pin=LM358-4
Removed Pin From Net: NetName=NetD2_1 Pin=LM358-8
Removed Pin From Net: NetName=GND Pin=R1-1
Removed Pin From Net: NetName=GND Pin=R3-1
Removed Pin From Net: NetName=NetD2_2 Pin=R3-2
Removed Pin From Net: NetName=NetLED3_1 Pin=R4-1
Removed Pin From Net: NetName=Net7805_3 Pin=R4-2
Removed Pin From Net: NetName=NetLED1_1 Pin=R5-1
Removed Pin From Net: NetName=NetLED1_2 Pin=R5-2
Removed Pin From Net: NetName=GND Pin=R6-1
Removed Pin From Net: NetName=NetNE555_7 Pin=R10-2
Removed Pin From Net: NetName=NetNE555_7 Pin=R11-1
Removed Pin From Net: NetName=NetC6_1 Pin=R11-2
Removed Pin From Net: NetName=GND Pin=VR1-3
Removed Member From Class: ClassName=auto-on-relay Member=7404
Removed Member From Class: ClassName=auto-on-relay Member=AB
Removed Member From Class: ClassName=auto-on-relay Member=DS1
Removed Member From Class: ClassName=auto-on-relay Member=DS2
Removed Member From Class: ClassName=auto-on-relay Member=IC6
Removed Member From Class: ClassName=auto-on-relay Member=IC7
Removed Member From Class: ClassName=auto-on-relay Member=IC10
Removed Member From Class: ClassName=auto-on-relay Member=IC11
Removed Member From Class: ClassName=auto-on-relay Member=LM358
Change Component Footprint: Designator=LED1 Old Footprint=LED-5-Green New Footprint=LED-3
Change Component Comment : Designator=R5 Old Comment=10k New Comment=150
Change Component Comment : Designator=C2 Old Comment=104 New Comment=C
Change Component Comment : Designator=C3 Old Comment=104 New Comment=C
Change Component Comment : Designator=R3 Old Comment=150 New Comment=10k
Change Component Comment : Designator=R4 Old Comment=150 New Comment=10k
Change Component Comment : Designator=C1 Old Comment=1000uF New Comment=C
Change Component Comment : Designator=C4 Old Comment=1000uF New Comment=C
Change Component Comment : Designator=C5 Old Comment=C New Comment=10nF
Change Component Comment : Designator=C6 Old Comment=C New Comment=47uF
Change Component Comment : Designator=HD1 Old Comment=HD1 New Comment=Header 2
Change Component Comment : Designator=HD2 Old Comment=HD2 New Comment=Header 2
Change Component Comment : Designator=D2 Old Comment=Phat New Comment=Photo Diode
Change Component Comment : Designator=Relay Old Comment=Relay New Comment=Relay 10A/12V
Change Component Comment : Designator=D4 Old Comment=Thu New Comment=Photo Diode
Added Component: Designator=7408(DIP14/W0.3)
Add component (AddParameter): Name = "Value"; Value = "7408"; VariantName = "[No Variations]"
Added Component: Designator=IC1(DIP8/W0.3)
Add component (AddParameter): Name = "Value"; Value = "LM358"; VariantName = "[No Variations]"
Added Component: Designator=IC2(DIP14/W0.3)
Add component (AddParameter): Name = "Code_IPC"; Value = "SOIC127P600-14"; VariantName = "[No Variations]"
Add component (AddParameter): Name = "ComponentLink1Description"; Value = "Manufacturer Link"; VariantName = "[No Variations]"
Add component (AddParameter): Name = "ComponentLink1URL"; Value = "http://www.national.com/"; VariantName = "[No Variations]"
Add component (AddParameter): Name = "ComponentLink2Description"; Value = "Datasheet"; VariantName = "[No Variations]"
Add component (AddParameter): Name = "ComponentLink2URL"; Value = "http://www.fairchildsemi.com/ds/74/74F04.pdf"; VariantName = "[No Variations]"
Add component (AddParameter): Name = "Value"; Value = "7404"; VariantName = "[No Variations]"
Added Component: Designator=IC3(DIP14/W0.3)
Added Component: Designator=IC4(DIP14/W0.3)
Added Component: Designator=LED5(LED-3)
Add component (AddParameter): Name = "Value"; Value = "LED 3 ly Single Colour"; VariantName = "[No Variations]"
Added Component: Designator=Led7A(7SEGS)
Add component (AddParameter): Name = "Value"; Value = "LED 7S SEG"; VariantName = "[No Variations]"
Added Component: Designator=LED7B(7SEGS)
Add component (AddParameter): Name = "Value"; Value = "LED 7S SEG"; VariantName = "[No Variations]"
Add Component: Footprint Not Found SS12D00G3
Add Component: Footprint Not Found SS12D00G3
Add Component: Footprint Not Found SS12D00G3
Add Component: Footprint Not Found SS12D00G3
Add Component: Footprint Not Found SS12D00G3
Add Component: Footprint Not Found SS12D00G3
Add Component: Footprint Not Found SS12D00G3
Add Component: Footprint Not Found SS12D00G3
Add Component: Footprint Not Found SS12D00G3
Added Pin To Net: NetName=GND Pin=7408-7
Added Pin To Net: NetName=VCC Pin=7408-14
Added Pin To Net: NetName=NetD2_1 Pin=IC1-3
Added Pin To Net: NetName=NetD2_1 Pin=IC1-8
Added Pin To Net: NetName=GND Pin=IC2-7
Added Pin To Net: NetName=VCC Pin=IC2-14
Added Pin To Net: NetName=Net7447A_2 Pin=IC3-1
Added Pin To Net: NetName=Net7447A_6 Pin=IC3-2
Added Pin To Net: NetName=Net7447A_7 Pin=IC3-4
Added Pin To Net: NetName=Net7447A_1 Pin=IC3-5
Added Pin To Net: NetName=GND Pin=IC3-7
Added Pin To Net: NetName=Net7447B_2 Pin=IC3-9
Added Pin To Net: NetName=Net7447B_6 Pin=IC3-10
Added Pin To Net: NetName=Net7447B_7 Pin=IC3-12
Added Pin To Net: NetName=Net7447B_1 Pin=IC3-13
Added Pin To Net: NetName=VCC Pin=IC3-14
Added Pin To Net: NetName=GND Pin=IC4-7
Added Pin To Net: NetName=VCC Pin=IC4-14
Added Pin To Net: NetName=GND Pin=LED5-2
Added Pin To Net: NetName=Net7447A_9 Pin=Led7A-1
Added Pin To Net: NetName=Net7447A_10 Pin=Led7A-2
Added Pin To Net: NetName=Net7447A_11 Pin=Led7A-4
Added Pin To Net: NetName=GND Pin=Led7A-5
Added Pin To Net: NetName=Net7447A_12 Pin=Led7A-6
Added Pin To Net: NetName=Net7447A_13 Pin=Led7A-7
Added Pin To Net: NetName=Net7447A_15 Pin=Led7A-9
Added Pin To Net: NetName=Net7447A_14 Pin=Led7A-10
Added Pin To Net: NetName=Net7447B_9 Pin=LED7B-1
Added Pin To Net: NetName=Net7447B_10 Pin=LED7B-2
Added Pin To Net: NetName=Net7447B_11 Pin=LED7B-4
Added Pin To Net: NetName=GND Pin=LED7B-5
Added Pin To Net: NetName=Net7447B_12 Pin=LED7B-6
Added Pin To Net: NetName=Net7447B_13 Pin=LED7B-7
Added Pin To Net: NetName=Net7447B_15 Pin=LED7B-9
Added Pin To Net: NetName=Net7447B_14 Pin=LED7B-10
Added Pin To Net: NetName=NetC6_1 Pin=NE555-2
Added Pin To Net: NetName=NetC6_1 Pin=NE555-6
Added Pin To Net: NetName=NetLED3_1 Pin=R3-1
Added Pin To Net: NetName=Net7805_3 Pin=R3-2
Added Pin To Net: NetName=NetLED1_1 Pin=R4-1
Added Pin To Net: NetName=NetLED1_2 Pin=R4-2
Added Pin To Net: NetName=NetD2_2 Pin=R5-2
Added Pin To Net: NetName=NetNE555_7 Pin=R10-1
Added Pin To Net: NetName=NetC6_1 Pin=R11-1
Added Pin To Net: NetName=NetNE555_7 Pin=R11-2
Add Pin To Net: Unknown Pin: Pin S1-2
Add Pin To Net: Unknown Pin: Pin S1-3
Add Pin To Net: Unknown Pin: Pin SA0-1
Add Pin To Net: Unknown Pin: Pin SA0-2
Add Pin To Net: Unknown Pin: Pin SA0-3
Add Pin To Net: Unknown Pin: Pin SA1-1
Add Pin To Net: Unknown Pin: Pin SA1-2
Add Pin To Net: Unknown Pin: Pin SA1-3
Add Pin To Net: Unknown Pin: Pin SA2-1
Add Pin To Net: Unknown Pin: Pin SA2-2
Add Pin To Net: Unknown Pin: Pin SA2-3
Add Pin To Net: Unknown Pin: Pin SA3-1
Add Pin To Net: Unknown Pin: Pin SA3-2
Add Pin To Net: Unknown Pin: Pin SA3-3
Add Pin To Net: Unknown Pin: Pin SB0-1
Add Pin To Net: Unknown Pin: Pin SB0-2
Add Pin To Net: Unknown Pin: Pin SB0-3
Add Pin To Net: Unknown Pin: Pin SB1-1
Add Pin To Net: Unknown Pin: Pin SB1-2
Add Pin To Net: Unknown Pin: Pin SB1-3
Add Pin To Net: Unknown Pin: Pin SB2-1
Add Pin To Net: Unknown Pin: Pin SB2-2
Add Pin To Net: Unknown Pin: Pin SB2-3
Add Pin To Net: Unknown Pin: Pin SB3-1
Add Pin To Net: Unknown Pin: Pin SB3-2
Add Pin To Net: Unknown Pin: Pin SB3-3
Added Pin To Net: NetName=Net7408_1 Pin=7408-1
Added Pin To Net: NetName=Net7408_1 Pin=NE555-8
Added Pin To Net: NetName=Net7408_1 Pin=R10-2
Added Net: Name=Net7408_1
Added Pin To Net: NetName=Net7408_3 Pin=7408-3
Added Pin To Net: NetName=Net7408_3 Pin=NE555-4
Added Net: Name=Net7408_3
Added Pin To Net: NetName=NetIC1_1 Pin=IC1-1
Added Pin To Net: NetName=NetIC1_1 Pin=IC2-1
Added Pin To Net: NetName=NetIC1_1 Pin=R8-2
Added Net: Name=NetIC1_1
Added Pin To Net: NetName=NetIC1_2 Pin=IC1-2
Added Pin To Net: NetName=NetIC1_2 Pin=VR1-2
Added Net: Name=NetIC1_2
Added Pin To Net: NetName=NetIC1_4 Pin=IC1-4
Added Pin To Net: NetName=NetIC1_4 Pin=LED4-2
Added Pin To Net: NetName=NetIC1_4 Pin=R1-1
Added Pin To Net: NetName=NetIC1_4 Pin=R5-1
Added Pin To Net: NetName=NetIC1_4 Pin=R6-1
Added Pin To Net: NetName=NetIC1_4 Pin=VR1-3
Added Net: Name=NetIC1_4
Added Pin To Net: NetName=NetIC3_3 Pin=IC3-3
Added Pin To Net: NetName=NetIC3_3 Pin=IC4-2
Added Net: Name=NetIC3_3
Added Pin To Net: NetName=NetIC3_6 Pin=IC3-6
Added Pin To Net: NetName=NetIC3_6 Pin=IC4-1
Added Net: Name=NetIC3_6
Added Pin To Net: NetName=NetIC3_8 Pin=IC3-8
Added Pin To Net: NetName=NetIC3_8 Pin=IC4-5
Added Net: Name=NetIC3_8
Added Pin To Net: NetName=NetIC3_11 Pin=IC3-11
Added Pin To Net: NetName=NetIC3_11 Pin=IC4-4
Added Net: Name=NetIC3_11
Added Pin To Net: NetName=NetIC4_3 Pin=IC4-3
Added Pin To Net: NetName=NetIC4_3 Pin=IC4-10
Added Net: Name=NetIC4_3
Added Pin To Net: NetName=NetIC4_6 Pin=IC4-6
Added Pin To Net: NetName=NetIC4_6 Pin=IC4-9
Added Net: Name=NetIC4_6
Added Pin To Net: NetName=NetLED5_1 Pin=LED5-1
Added Pin To Net: NetName=NetLED5_1 Pin=R9-1
Added Net: Name=NetLED5_1
Added Pin To Net: NetName=NetLed7A_3 Pin=Led7A-3
Added Pin To Net: NetName=NetLed7A_3 Pin=Led7A-8
Added Pin To Net: NetName=NetLed7A_3 Pin=LED7B-3
Added Pin To Net: NetName=NetLed7A_3 Pin=LED7B-8
Added Pin To Net: NetName=NetLed7A_3 Pin=R7-2
Added Net: Name=NetLed7A_3
Added Member To Class: ClassName=auto-on-relay Member=Component 7408
Added Member To Class: ClassName=auto-on-relay Member=Component IC1 LM358
Added Member To Class: ClassName=auto-on-relay Member=Component IC2 7404
Added Member To Class: ClassName=auto-on-relay Member=Component IC3 7432
Added Member To Class: ClassName=auto-on-relay Member=Component IC4 7432
Added Member To Class: ClassName=auto-on-relay Member=Component LED5 LED
Added Member To Class: ClassName=auto-on-relay Member=Component Led7A 7SEG S
Added Member To Class: ClassName=auto-on-relay Member=Component LED7B 7SEG S
Add Class Member: Failed to add class member : Component S1 SS12D00G3
Add Class Member: Failed to add class member : Component SA0 SS12D00G3
Add Class Member: Failed to add class member : Component SA1 SS12D00G3
Add Class Member: Failed to add class member : Component SA2 SS12D00G3
Add Class Member: Failed to add class member : Component SA3 SS12D00G3
Add Class Member: Failed to add class member : Component SB0 SS12D00G3
Add Class Member: Failed to add class member : Component SB1 SS12D00G3
Add Class Member: Failed to add class member : Component SB2 SS12D00G3
Add Class Member: Failed to add class member : Component SB3 SS12D00G3
Added Room: Name=auto-on-relay
