Add Component: Footprint Not Found SS12D00G3
Add Component: Footprint Not Found SS12D00G3
Add Component: Footprint Not Found SS12D00G3
Add Component: Footprint Not Found SS12D00G3
Add Component: Footprint Not Found SS12D00G3
Add Component: Footprint Not Found SS12D00G3
Add Component: Footprint Not Found SS12D00G3
Add Component: Footprint Not Found SS12D00G3
Add Component: Footprint Not Found SS12D00G3
Add Pin To Net: Unknown Pin: Pin SA0-1
Add Pin To Net: Unknown Pin: Pin SA0-2
Add Pin To Net: Unknown Pin: Pin SA0-3
Add Pin To Net: Unknown Pin: Pin SA1-1
Add Pin To Net: Unknown Pin: Pin SA1-2
Add Pin To Net: Unknown Pin: Pin SA1-3
Add Pin To Net: Unknown Pin: Pin SA2-1
Add Pin To Net: Unknown Pin: Pin SA2-2
Add Pin To Net: Unknown Pin: Pin SA2-3
Add Pin To Net: Unknown Pin: Pin SA3-1
Add Pin To Net: Unknown Pin: Pin SA3-2
Add Pin To Net: Unknown Pin: Pin SA3-3
Add Pin To Net: Unknown Pin: Pin SAB-2
Add Pin To Net: Unknown Pin: Pin SAB-3
Add Pin To Net: Unknown Pin: Pin SB0-1
Add Pin To Net: Unknown Pin: Pin SB0-2
Add Pin To Net: Unknown Pin: Pin SB0-3
Add Pin To Net: Unknown Pin: Pin SB1-1
Add Pin To Net: Unknown Pin: Pin SB1-2
Add Pin To Net: Unknown Pin: Pin SB1-3
Add Pin To Net: Unknown Pin: Pin SB2-1
Add Pin To Net: Unknown Pin: Pin SB2-2
Add Pin To Net: Unknown Pin: Pin SB2-3
Add Pin To Net: Unknown Pin: Pin SB3-1
Add Pin To Net: Unknown Pin: Pin SB3-2
Add Pin To Net: Unknown Pin: Pin SB3-3
Add Class Member: Failed to add class member : Component SA0 SS12D00G3
Add Class Member: Failed to add class member : Component SA1 SS12D00G3
Add Class Member: Failed to add class member : Component SA2 SS12D00G3
Add Class Member: Failed to add class member : Component SA3 SS12D00G3
Add Class Member: Failed to add class member : Component SAB SS12D00G3
Add Class Member: Failed to add class member : Component SB0 SS12D00G3
Add Class Member: Failed to add class member : Component SB1 SS12D00G3
Add Class Member: Failed to add class member : Component SB2 SS12D00G3
Add Class Member: Failed to add class member : Component SB3 SS12D00G3
Added Room: Name=auto-on-relay
