Change Component Comment : Designator=C5 Old Comment=10nF New Comment=C
Change Component Comment : Designator=C6 Old Comment=47uF New Comment=C
Change Component Designator: OldDesignator=7408 NewDesignator=IC7
Change Component Designator: OldDesignator=74190A NewDesignator=IC3
Change Component Designator: OldDesignator=74190B NewDesignator=IC6
Change Component Designator: OldDesignator=A0 NewDesignator=LED9
Change Component Designator: OldDesignator=A1 NewDesignator=LED8
Change Component Designator: OldDesignator=A2 NewDesignator=LED7
Change Component Designator: OldDesignator=A3 NewDesignator=LED6
Change Component Designator: OldDesignator=B0 NewDesignator=LED13
Change Component Designator: OldDesignator=B1 NewDesignator=LED12
Change Component Designator: OldDesignator=B2 NewDesignator=LED11
Change Component Designator: OldDesignator=B3 NewDesignator=LED10
Change Component Designator: OldDesignator=IC3 NewDesignator=IC4
Change Component Designator: OldDesignator=IC4 NewDesignator=IC5
Change Component Designator: OldDesignator=NE555 NewDesignator=U1
Add Component: Footprint Not Found SS12D00G3
Add Component: Footprint Not Found SS12D00G3
Add Component: Footprint Not Found SS12D00G3
Add Component: Footprint Not Found SS12D00G3
Add Component: Footprint Not Found SS12D00G3
Add Component: Footprint Not Found SS12D00G3
Add Component: Footprint Not Found SS12D00G3
Add Component: Footprint Not Found SS12D00G3
Add Component: Footprint Not Found SS12D00G3
Add Pin To Net: Unknown Pin: Pin S1-2
Add Pin To Net: Unknown Pin: Pin S1-3
Add Pin To Net: Unknown Pin: Pin S2-1
Add Pin To Net: Unknown Pin: Pin S2-3
Add Pin To Net: Unknown Pin: Pin S3-1
Add Pin To Net: Unknown Pin: Pin S3-3
Add Pin To Net: Unknown Pin: Pin S4-1
Add Pin To Net: Unknown Pin: Pin S4-3
Add Pin To Net: Unknown Pin: Pin S5-1
Add Pin To Net: Unknown Pin: Pin S5-3
Add Pin To Net: Unknown Pin: Pin S6-1
Add Pin To Net: Unknown Pin: Pin S6-3
Add Pin To Net: Unknown Pin: Pin S7-1
Add Pin To Net: Unknown Pin: Pin S7-3
Add Pin To Net: Unknown Pin: Pin S8-1
Add Pin To Net: Unknown Pin: Pin S8-3
Add Pin To Net: Unknown Pin: Pin S9-1
Add Pin To Net: Unknown Pin: Pin S9-3
Change Net Name : Old Net Name=Net7408_1 New Net Name=NetIC7_1
Change Net Name : Old Net Name=Net7408_3 New Net Name=NetIC7_3
Change Net Name : Old Net Name=Net74190A_14 New Net Name=NetIC3_14
Change Net Name : Old Net Name=NetA0_2 New Net Name=NetLED6_2
Change Net Name : Old Net Name=NetIC3_3 New Net Name=NetIC4_3
Change Net Name : Old Net Name=NetIC3_6 New Net Name=NetIC4_6
Change Net Name : Old Net Name=NetIC3_8 New Net Name=NetIC4_8
Change Net Name : Old Net Name=NetIC3_11 New Net Name=NetIC4_11
Change Net Name : Old Net Name=NetIC4_3 New Net Name=NetIC5_3
Change Net Name : Old Net Name=NetIC4_6 New Net Name=NetIC5_6
Change Net Name : Old Net Name=NetNE555_7 New Net Name=NetR10_1
Added Pin To Net: NetName=NetIC3_1 Pin=IC3-1
Added Pin To Net: NetName=NetIC3_1 Pin=LED8-1
Added Net: Name=NetIC3_1
Added Pin To Net: NetName=NetIC3_9 Pin=IC3-9
Added Pin To Net: NetName=NetIC3_9 Pin=LED6-1
Added Net: Name=NetIC3_9
Added Pin To Net: NetName=NetIC3_10 Pin=IC3-10
Added Pin To Net: NetName=NetIC3_10 Pin=LED7-1
Added Net: Name=NetIC3_10
Added Pin To Net: NetName=NetIC3_15 Pin=IC3-15
Added Pin To Net: NetName=NetIC3_15 Pin=LED9-1
Added Net: Name=NetIC3_15
Added Pin To Net: NetName=NetIC6_1 Pin=IC6-1
Added Pin To Net: NetName=NetIC6_1 Pin=LED12-1
Added Net: Name=NetIC6_1
Added Pin To Net: NetName=NetIC6_9 Pin=IC6-9
Added Pin To Net: NetName=NetIC6_9 Pin=LED10-1
Added Net: Name=NetIC6_9
Added Pin To Net: NetName=NetIC6_10 Pin=IC6-10
Added Pin To Net: NetName=NetIC6_10 Pin=LED11-1
Added Net: Name=NetIC6_10
Added Pin To Net: NetName=NetIC6_15 Pin=IC6-15
Added Pin To Net: NetName=NetIC6_15 Pin=LED13-1
Added Net: Name=NetIC6_15
Add Class Member: Failed to add class member : Component S1 SS12D00G3
Add Class Member: Failed to add class member : Component S2 SS12D00G3
Add Class Member: Failed to add class member : Component S3 SS12D00G3
Add Class Member: Failed to add class member : Component S4 SS12D00G3
Add Class Member: Failed to add class member : Component S5 SS12D00G3
Add Class Member: Failed to add class member : Component S6 SS12D00G3
Add Class Member: Failed to add class member : Component S7 SS12D00G3
Add Class Member: Failed to add class member : Component S8 SS12D00G3
Add Class Member: Failed to add class member : Component S9 SS12D00G3
Added Room: Name=auto-on-relay
