Change Component Designator: OldDesignator=D2 NewDesignator=Phat
Change Component Designator: OldDesignator=D4 NewDesignator=Thu
Change Component Designator: OldDesignator=LED6 NewDesignator=A3
Change Component Designator: OldDesignator=LED7 NewDesignator=A2
Change Component Designator: OldDesignator=LED8 NewDesignator=A1
Change Component Designator: OldDesignator=LED9 NewDesignator=A0
Change Component Designator: OldDesignator=LED10 NewDesignator=B3
Change Component Designator: OldDesignator=LED11 NewDesignator=B2
Change Component Designator: OldDesignator=LED12 NewDesignator=B1
Change Component Designator: OldDesignator=LED13 NewDesignator=B0
Change Net Name : Old Net Name=NetD2_1 New Net Name=NetLED2_1
Change Net Name : Old Net Name=NetD2_2 New Net Name=NetPhat_2
Change Net Name : Old Net Name=NetD4_1 New Net Name=NetR6_2
Change Net Name : Old Net Name=NetLED6_1 New Net Name=NetA3_1
Change Net Name : Old Net Name=NetLED7_1 New Net Name=NetA2_1
Change Net Name : Old Net Name=NetLED8_1 New Net Name=NetA1_1
Change Net Name : Old Net Name=NetLED9_1 New Net Name=NetA0_1
Change Net Name : Old Net Name=NetLED10_1 New Net Name=NetB3_1
Change Net Name : Old Net Name=NetLED11_1 New Net Name=NetB2_1
Change Net Name : Old Net Name=NetLED12_1 New Net Name=NetB1_1
Change Net Name : Old Net Name=NetLED13_1 New Net Name=NetB0_1
Added Room: Name=auto-on-relay
