Removed Pin From Net: NetName=5V Pin=7404-14
Removed Pin From Net: NetName=Net7447A_2 Pin=IC4-1
Removed Pin From Net: NetName=Net7447A_6 Pin=IC4-2
Removed Pin From Net: NetName=Net7447A_7 Pin=IC4-4
Removed Pin From Net: NetName=Net7447A_1 Pin=IC4-5
Removed Pin From Net: NetName=Net7447B_2 Pin=IC4-9
Removed Pin From Net: NetName=Net7447B_6 Pin=IC4-10
Removed Pin From Net: NetName=Net7447B_7 Pin=IC4-12
Removed Pin From Net: NetName=Net7447B_1 Pin=IC4-13
Removed Pin From Net: NetName=5V Pin=IC4-14
Removed Pin From Net: NetName=NetIC4_6 Pin=IC5-1
Removed Pin From Net: NetName=NetIC4_3 Pin=IC5-2
Removed Pin From Net: NetName=IC5_8 Pin=IC5-8
Removed Pin From Net: NetName=NetIC5_6 Pin=IC5-9
Removed Pin From Net: NetName=NetIC5_3 Pin=IC5-10
Removed Pin From Net: NetName=5V Pin=IC5-14
Removed Pin From Net: NetName=5V Pin=IC7-14
Added Pin To Net: NetName=VCC Pin=7404-14
Added Pin To Net: NetName=Net7447A_7 Pin=IC4-1
Added Pin To Net: NetName=Net7447A_1 Pin=IC4-2
Added Pin To Net: NetName=Net7447A_6 Pin=IC4-4
Added Pin To Net: NetName=Net7447A_2 Pin=IC4-5
Added Pin To Net: NetName=NetIC4_6 Pin=IC4-12
Added Pin To Net: NetName=NetIC4_3 Pin=IC4-13
Added Pin To Net: NetName=VCC Pin=IC4-14
Added Pin To Net: NetName=Net7447B_1 Pin=IC5-1
Added Pin To Net: NetName=Net7447B_7 Pin=IC5-2
Added Pin To Net: NetName=Net7447B_6 Pin=IC5-4
Added Pin To Net: NetName=Net7447B_2 Pin=IC5-5
Added Pin To Net: NetName=NetIC5_3 Pin=IC5-9
Added Pin To Net: NetName=NetIC5_6 Pin=IC5-10
Added Pin To Net: NetName=VCC Pin=IC5-14
Added Pin To Net: NetName=VCC Pin=IC7-14
Added Pin To Net: NetName=IC4_8 Pin=IC4-8
Added Net: Name=IC4_8
Added Pin To Net: NetName=NetIC4_9 Pin=IC4-9
Added Pin To Net: NetName=NetIC4_9 Pin=IC5-8
Added Net: Name=NetIC4_9
Added Pin To Net: NetName=NetIC4_10 Pin=IC4-10
Added Pin To Net: NetName=NetIC4_10 Pin=IC4-11
Added Net: Name=NetIC4_10
Added Room: Name=auto-on-relay
