Change Component Comment : Designator=R4 Old Comment=10k New Comment=150
Change Component Comment : Designator=HD1 Old Comment=Header 2 New Comment=HD1
Change Component Comment : Designator=HD2 Old Comment=Header 2 New Comment=HD2
Change Component Comment : Designator=D2 Old Comment=Led Phat New Comment=Phat
Change Component Comment : Designator=D4 Old Comment=Led Thu New Comment=Thu
Change Component Comment : Designator=RL1 Old Comment=Relay 10A/12V New Comment=Relay
Change Component Designator: OldDesignator=IC1 NewDesignator=7805
Change Component Designator: OldDesignator=IC2 NewDesignator=LM358
Change Component Designator: OldDesignator=IC3 NewDesignator=7404
Change Component Designator: OldDesignator=IC4 NewDesignator=74190A
Change Component Designator: OldDesignator=IC5 NewDesignator=7447A
Change Component Designator: OldDesignator=IC8 NewDesignator=74190B
Change Component Designator: OldDesignator=IC9 NewDesignator=7447B
Change Component Designator: OldDesignator=J1 NewDesignator=DC5521
Change Component Designator: OldDesignator=LED5 NewDesignator=AB
Change Component Designator: OldDesignator=RL1 NewDesignator=Relay
Change Component Designator: OldDesignator=U1 NewDesignator=NE555
Add Component: Footprint Not Found SS12D00G3
Add Component: Footprint Not Found SS12D00G3
Add Component: Footprint Not Found SS12D00G3
Add Component: Footprint Not Found SS12D00G3
Add Component: Footprint Not Found SS12D00G3
Add Component: Footprint Not Found SS12D00G3
Add Component: Footprint Not Found SS12D00G3
Add Component: Footprint Not Found SS12D00G3
Add Component: Footprint Not Found SS12D00G3
Add Pin To Net: Unknown Pin: Pin SA0-1
Add Pin To Net: Unknown Pin: Pin SA0-3
Add Pin To Net: Unknown Pin: Pin SA1-1
Add Pin To Net: Unknown Pin: Pin SA1-3
Add Pin To Net: Unknown Pin: Pin SA2-1
Add Pin To Net: Unknown Pin: Pin SA2-3
Add Pin To Net: Unknown Pin: Pin SA3-1
Add Pin To Net: Unknown Pin: Pin SA3-3
Add Pin To Net: Unknown Pin: Pin SAB-2
Add Pin To Net: Unknown Pin: Pin SAB-3
Add Pin To Net: Unknown Pin: Pin SB0-1
Add Pin To Net: Unknown Pin: Pin SB0-3
Add Pin To Net: Unknown Pin: Pin SB1-1
Add Pin To Net: Unknown Pin: Pin SB1-3
Add Pin To Net: Unknown Pin: Pin SB2-1
Add Pin To Net: Unknown Pin: Pin SB2-3
Add Pin To Net: Unknown Pin: Pin SB3-1
Add Pin To Net: Unknown Pin: Pin SB3-3
Change Net Name : Old Net Name=NetC1_1 New Net Name=Net7805_1
Change Net Name : Old Net Name=NetC3_1 New Net Name=Net7805_3
Change Net Name : Old Net Name=NetDS1_1 New Net Name=Net7447A_9
Change Net Name : Old Net Name=NetDS1_2 New Net Name=Net7447A_10
Change Net Name : Old Net Name=NetDS1_4 New Net Name=Net7447A_11
Change Net Name : Old Net Name=NetDS1_6 New Net Name=Net7447A_12
Change Net Name : Old Net Name=NetDS1_7 New Net Name=Net7447A_13
Change Net Name : Old Net Name=NetDS1_9 New Net Name=Net7447A_15
Change Net Name : Old Net Name=NetDS1_10 New Net Name=Net7447A_14
Change Net Name : Old Net Name=NetDS2_1 New Net Name=Net7447B_9
Change Net Name : Old Net Name=NetDS2_2 New Net Name=Net7447B_10
Change Net Name : Old Net Name=NetDS2_4 New Net Name=Net7447B_11
Change Net Name : Old Net Name=NetDS2_6 New Net Name=Net7447B_12
Change Net Name : Old Net Name=NetDS2_7 New Net Name=Net7447B_13
Change Net Name : Old Net Name=NetDS2_9 New Net Name=Net7447B_15
Change Net Name : Old Net Name=NetDS2_10 New Net Name=Net7447B_14
Change Net Name : Old Net Name=NetIC2_2 New Net Name=NetLM358_2
Change Net Name : Old Net Name=NetIC3_1 New Net Name=Net7404_1
Change Net Name : Old Net Name=NetIC4_2 New Net Name=Net7447A_1
Change Net Name : Old Net Name=NetIC4_3 New Net Name=Net7447A_7
Change Net Name : Old Net Name=NetIC4_6 New Net Name=Net7447A_2
Change Net Name : Old Net Name=NetIC4_7 New Net Name=Net7447A_6
Change Net Name : Old Net Name=NetIC4_14 New Net Name=Net74190A_14
Change Net Name : Old Net Name=NetIC4_16 New Net Name=Net7447A_3
Change Net Name : Old Net Name=NetIC6_9 New Net Name=Net7447B_7
Change Net Name : Old Net Name=NetIC6_10 New Net Name=Net7447B_1
Change Net Name : Old Net Name=NetIC6_12 New Net Name=Net7447B_2
Change Net Name : Old Net Name=NetIC6_13 New Net Name=Net7447B_6
Change Net Name : Old Net Name=NetLED5_1 New Net Name=NetAB_1
Change Net Name : Old Net Name=NetR10_2 New Net Name=NetNE555_7
Change Net Name : Old Net Name=NetU1_2 New Net Name=NetNE555_2
Added Pin To Net: NetName=Net74190A_1 Pin=74190A-1
Added Pin To Net: NetName=Net74190A_1 Pin=A1-1
Added Net: Name=Net74190A_1
Added Pin To Net: NetName=Net74190A_9 Pin=74190A-9
Added Pin To Net: NetName=Net74190A_9 Pin=A3-1
Added Net: Name=Net74190A_9
Added Pin To Net: NetName=Net74190A_10 Pin=74190A-10
Added Pin To Net: NetName=Net74190A_10 Pin=A2-1
Added Net: Name=Net74190A_10
Added Pin To Net: NetName=Net74190A_15 Pin=74190A-15
Added Pin To Net: NetName=Net74190A_15 Pin=A0-1
Added Net: Name=Net74190A_15
Added Pin To Net: NetName=Net74190B_1 Pin=74190B-1
Added Pin To Net: NetName=Net74190B_1 Pin=B1-1
Added Net: Name=Net74190B_1
Added Pin To Net: NetName=Net74190B_9 Pin=74190B-9
Added Pin To Net: NetName=Net74190B_9 Pin=B3-1
Added Net: Name=Net74190B_9
Added Pin To Net: NetName=Net74190B_10 Pin=74190B-10
Added Pin To Net: NetName=Net74190B_10 Pin=B2-1
Added Net: Name=Net74190B_10
Added Pin To Net: NetName=Net74190B_15 Pin=74190B-15
Added Pin To Net: NetName=Net74190B_15 Pin=B0-1
Added Net: Name=Net74190B_15
Add Class Member: Failed to add class member : Component SA0
Add Class Member: Failed to add class member : Component SA1
Add Class Member: Failed to add class member : Component SA2
Add Class Member: Failed to add class member : Component SA3
Add Class Member: Failed to add class member : Component SAB
Add Class Member: Failed to add class member : Component SB0
Add Class Member: Failed to add class member : Component SB1
Add Class Member: Failed to add class member : Component SB2
Add Class Member: Failed to add class member : Component SB3
